[2025-08-04 21:50:17,606]: INFO: common : YAML file Loaded Successfully
[2025-08-04 21:50:17,610]: INFO: application : Environment Variables are Loaded Successfully
[2025-08-04 21:50:17,753]: INFO: application : CSS File Loaded Successfully
[2025-08-04 21:50:27,007]: INFO: application : Environment Variables are Loaded Successfully
[2025-08-04 21:50:27,007]: INFO: application : CSS File Loaded Successfully
[2025-08-04 21:50:47,299]: INFO: application : Environment Variables are Already Loaded
[2025-08-04 21:57:06,124]: INFO: common : YAML file Loaded Successfully
[2025-08-04 21:57:06,132]: INFO: application : Environment Variables are Loaded Successfully
[2025-08-04 21:57:06,528]: INFO: application : CSS File Loaded Successfully
[2025-08-04 21:58:08,458]: INFO: common : YAML file Loaded Successfully
[2025-08-04 21:58:08,466]: INFO: application : Environment Variables are Loaded Successfully
[2025-08-04 21:58:08,648]: INFO: application : CSS File Loaded Successfully
[2025-08-04 21:58:12,088]: INFO: application : Environment Variables are Already Loaded
[2025-08-04 21:58:14,183]: INFO: application : Environment Variables are Already Loaded
[2025-08-04 21:58:14,929]: INFO: application : Environment Variables are Already Loaded
[2025-08-04 21:58:16,119]: INFO: application : Environment Variables are Already Loaded
[2025-08-04 21:58:16,935]: INFO: application : Environment Variables are Already Loaded
[2025-08-04 21:58:17,794]: INFO: application : Environment Variables are Already Loaded
[2025-08-04 21:58:18,422]: INFO: application : Environment Variables are Already Loaded
[2025-08-04 21:58:19,177]: INFO: application : Environment Variables are Already Loaded
[2025-08-04 21:58:19,641]: INFO: application : Environment Variables are Already Loaded
[2025-08-04 21:58:20,103]: INFO: application : Environment Variables are Already Loaded
[2025-08-04 21:58:21,287]: INFO: application : Environment Variables are Already Loaded
[2025-08-04 21:58:21,759]: INFO: application : Environment Variables are Already Loaded
[2025-08-04 21:58:22,183]: INFO: application : Environment Variables are Already Loaded
[2025-08-04 21:58:50,173]: INFO: common : YAML file Loaded Successfully
[2025-08-04 22:02:04,812]: INFO: common : YAML file Loaded Successfully
[2025-08-04 22:02:04,812]: INFO: application : Environment Variables are Loaded Successfully
[2025-08-04 22:02:22,472]: INFO: application : CSS File Loaded Successfully
[2025-08-04 22:04:08,777]: INFO: common : YAML file Loaded Successfully
[2025-08-04 22:04:08,788]: INFO: application : Environment Variables are Loaded Successfully
[2025-08-04 22:04:09,020]: INFO: application : CSS File Loaded Successfully
[2025-08-04 22:04:10,471]: INFO: application : CSS File Loaded Successfully
[2025-08-04 22:04:11,147]: INFO: application : CSS File Loaded Successfully
[2025-08-04 22:04:11,765]: INFO: application : CSS File Loaded Successfully
[2025-08-04 22:04:12,522]: INFO: application : CSS File Loaded Successfully
[2025-08-04 22:04:13,171]: INFO: application : CSS File Loaded Successfully
[2025-08-04 22:04:13,681]: INFO: application : CSS File Loaded Successfully
[2025-08-04 22:04:14,220]: INFO: application : CSS File Loaded Successfully
[2025-08-04 22:04:15,371]: INFO: application : CSS File Loaded Successfully
[2025-08-04 22:04:15,766]: INFO: application : CSS File Loaded Successfully
[2025-08-04 22:04:16,557]: INFO: application : CSS File Loaded Successfully
[2025-08-04 22:04:17,043]: INFO: application : CSS File Loaded Successfully
[2025-08-04 22:04:18,185]: INFO: application : CSS File Loaded Successfully
[2025-08-04 22:04:18,591]: INFO: application : CSS File Loaded Successfully
[2025-08-04 22:04:19,021]: INFO: application : CSS File Loaded Successfully
[2025-08-04 22:04:19,469]: INFO: application : CSS File Loaded Successfully
[2025-08-04 22:04:20,411]: INFO: application : CSS File Loaded Successfully
[2025-08-04 22:04:21,084]: INFO: application : CSS File Loaded Successfully
[2025-08-04 22:04:22,298]: INFO: application : CSS File Loaded Successfully
[2025-08-04 22:04:23,428]: INFO: application : CSS File Loaded Successfully
[2025-08-04 22:04:24,288]: INFO: application : CSS File Loaded Successfully
[2025-08-04 22:04:24,923]: INFO: application : CSS File Loaded Successfully
[2025-08-04 22:05:43,073]: INFO: common : YAML file Loaded Successfully
[2025-08-04 22:06:04,615]: INFO: application : Meter Image has been Uploaded
